[2024-06-05T07:29:26.634Z] Log level: Info
[2024-06-05T07:29:26.644Z] [info] Validating found git in: git
[2024-06-05T07:29:26.674Z] [info] Using git 2.20.1 from git
[2024-06-05T07:29:26.757Z] > git rev-parse --show-toplevel [71ms]
[2024-06-05T07:29:26.757Z] fatal: not a git repository (or any parent up to mount point /)
Stopping at filesystem boundary (GIT_DISCOVERY_ACROSS_FILESYSTEM not set).
[2024-06-05T07:29:26.777Z] > git rev-parse --show-toplevel [13ms]
[2024-06-05T07:29:26.777Z] fatal: not a git repository (or any parent up to mount point /)
Stopping at filesystem boundary (GIT_DISCOVERY_ACROSS_FILESYSTEM not set).
[2024-06-05T07:29:26.803Z] > git rev-parse --show-toplevel [21ms]
[2024-06-05T07:29:26.803Z] fatal: not a git repository (or any parent up to mount point /)
Stopping at filesystem boundary (GIT_DISCOVERY_ACROSS_FILESYSTEM not set).
[2024-06-05T07:29:26.843Z] > git rev-parse --show-toplevel [34ms]
[2024-06-05T07:29:26.843Z] fatal: not a git repository (or any parent up to mount point /)
Stopping at filesystem boundary (GIT_DISCOVERY_ACROSS_FILESYSTEM not set).
[2024-06-05T07:29:26.857Z] > git rev-parse --show-toplevel [7ms]
[2024-06-05T07:29:26.857Z] fatal: not a git repository (or any parent up to mount point /)
Stopping at filesystem boundary (GIT_DISCOVERY_ACROSS_FILESYSTEM not set).
[2024-06-05T07:29:26.869Z] > git rev-parse --show-toplevel [4ms]
[2024-06-05T07:29:26.869Z] fatal: not a git repository (or any parent up to mount point /)
Stopping at filesystem boundary (GIT_DISCOVERY_ACROSS_FILESYSTEM not set).
[2024-06-05T07:29:26.881Z] > git rev-parse --show-toplevel [5ms]
[2024-06-05T07:29:26.881Z] fatal: not a git repository (or any parent up to mount point /)
Stopping at filesystem boundary (GIT_DISCOVERY_ACROSS_FILESYSTEM not set).
